\BOOKMARK [1][-]{section*.1}{Abstract}{}% 1
\BOOKMARK [1][-]{section.1}{1 Introduction}{}% 2
\BOOKMARK [2][-]{subsection.1.1}{1.1 Related literature}{section.1}% 3
\BOOKMARK [1][-]{section.2}{2 Simulation environments}{}% 4
\BOOKMARK [2][-]{subsection.2.1}{2.1 Common features across environments}{section.2}% 5
\BOOKMARK [2][-]{subsection.2.2}{2.2 ABO Environment}{section.2}% 6
\BOOKMARK [2][-]{subsection.2.3}{2.3 RSU Environment}{section.2}% 7
\BOOKMARK [2][-]{subsection.2.4}{2.4 OPTN Environment}{section.2}% 8
\BOOKMARK [1][-]{section.3}{3 Methods}{}% 9
\BOOKMARK [2][-]{subsection.3.1}{3.1 Objective and benchmarks}{section.3}% 10
\BOOKMARK [1][-]{section.4}{4 Algorithms}{}% 11
\BOOKMARK [2][-]{subsection.4.1}{4.1 Direct prediction}{section.4}% 12
\BOOKMARK [2][-]{subsection.4.2}{4.2 Direct prediction methods}{section.4}% 13
\BOOKMARK [2][-]{subsection.4.3}{4.3 Multi-armed bandit methods}{section.4}% 14
\BOOKMARK [1][-]{section.5}{5 Results}{}% 15
\BOOKMARK [2][-]{subsection.5.1}{5.1 Direction prediction methods}{section.5}% 16
\BOOKMARK [2][-]{subsection.5.2}{5.2 Multi-armed bandit methods}{section.5}% 17
\BOOKMARK [1][-]{section.6}{6 Conclusion}{}% 18
\BOOKMARK [1][-]{section.7}{7 Conclusions}{}% 19
\BOOKMARK [1][-]{appendix.A}{A Sections}{}% 20
\BOOKMARK [1][-]{appendix.B}{B Supplementary materials}{}% 21
\BOOKMARK [1][-]{section*.28}{Acknowledgments}{}% 22
\BOOKMARK [1][-]{section*.30}{References}{}% 23
