\BOOKMARK [1][-]{section.1}{Introduction}{}% 1
\BOOKMARK [1][-]{section.2}{Background and literature review}{}% 2
\BOOKMARK [2][-]{subsection.2.1}{Kidney Exchange}{section.2}% 3
\BOOKMARK [2][-]{subsection.2.2}{Machine learning and Artificial Intelligence}{section.2}% 4
\BOOKMARK [3][-]{subsubsection.2.2.1}{Neural Networks}{subsection.2.2}% 5
\BOOKMARK [3][-]{subsubsection.2.2.2}{Search algorithms}{subsection.2.2}% 6
\BOOKMARK [1][-]{section.3}{Models, Environments and Data}{}% 7
\BOOKMARK [2][-]{subsection.3.1}{ABO Environment}{section.3}% 8
\BOOKMARK [2][-]{subsection.3.2}{RSU Environment}{section.3}% 9
\BOOKMARK [2][-]{subsection.3.3}{OPTN Environment}{section.3}% 10
\BOOKMARK [2][-]{subsection.3.4}{Benchmarks}{section.3}% 11
\BOOKMARK [3][-]{subsubsection.3.4.1}{Myopic}{subsection.3.4}% 12
\BOOKMARK [3][-]{subsubsection.3.4.2}{Infeasible Optimal \(OPT\)}{subsection.3.4}% 13
\BOOKMARK [3][-]{subsubsection.3.4.3}{Empirical comparison between myopic and OPT}{subsection.3.4}% 14
\BOOKMARK [2][-]{subsection.3.5}{Algorithms}{section.3}% 15
\BOOKMARK [3][-]{subsubsection.3.5.1}{Direct prediction}{subsection.3.5}% 16
\BOOKMARK [2][-]{subsection.3.6}{Multi-armed bandits}{section.3}% 17
\BOOKMARK [1][-]{section.4}{Results}{}% 18
\BOOKMARK [2][-]{subsection.4.1}{Short-run gains}{section.4}% 19
\BOOKMARK [1][-]{section.5}{Discussions and Extensions}{}% 20
\BOOKMARK [1][-]{section.6}{Conclusion}{}% 21
\BOOKMARK [1][-]{section.7}{Acknowledgements}{}% 22
\BOOKMARK [1][-]{section*.23}{Tables}{}% 23
\BOOKMARK [1][-]{section*.24}{Figures}{}% 24
\BOOKMARK [1][-]{section*.25}{Appendix A}{}% 25
